[2026-02-14T08:59:00.589+0000] {taskinstance.py:1083} INFO - Dependencies all met for <TaskInstance: Wine_Quality_Prediction.evaluate_model manual__2026-02-14T08:58:55.230727+00:00 [queued]>
[2026-02-14T08:59:00.597+0000] {taskinstance.py:1083} INFO - Dependencies all met for <TaskInstance: Wine_Quality_Prediction.evaluate_model manual__2026-02-14T08:58:55.230727+00:00 [queued]>
[2026-02-14T08:59:00.597+0000] {taskinstance.py:1279} INFO - 
--------------------------------------------------------------------------------
[2026-02-14T08:59:00.597+0000] {taskinstance.py:1280} INFO - Starting attempt 1 of 2
[2026-02-14T08:59:00.597+0000] {taskinstance.py:1281} INFO - 
--------------------------------------------------------------------------------
[2026-02-14T08:59:00.608+0000] {taskinstance.py:1300} INFO - Executing <Task(PythonOperator): evaluate_model> on 2026-02-14 08:58:55.230727+00:00
[2026-02-14T08:59:00.617+0000] {standard_task_runner.py:55} INFO - Started process 515 to run task
[2026-02-14T08:59:00.619+0000] {standard_task_runner.py:82} INFO - Running: ['***', 'tasks', 'run', 'Wine_Quality_Prediction', 'evaluate_model', 'manual__2026-02-14T08:58:55.230727+00:00', '--job-id', '6', '--raw', '--subdir', 'DAGS_FOLDER/***.py', '--cfg-path', '/tmp/tmpe8zsjfza']
[2026-02-14T08:59:00.621+0000] {standard_task_runner.py:83} INFO - Job 6: Subtask evaluate_model
[2026-02-14T08:59:00.668+0000] {task_command.py:388} INFO - Running <TaskInstance: Wine_Quality_Prediction.evaluate_model manual__2026-02-14T08:58:55.230727+00:00 [running]> on host d6658b41bee1
[2026-02-14T08:59:00.733+0000] {taskinstance.py:1509} INFO - Exporting the following env vars:
AIRFLOW_CTX_DAG_OWNER=Ronit
AIRFLOW_CTX_DAG_ID=Wine_Quality_Prediction
AIRFLOW_CTX_TASK_ID=evaluate_model
AIRFLOW_CTX_EXECUTION_DATE=2026-02-14T08:58:55.230727+00:00
AIRFLOW_CTX_TRY_NUMBER=1
AIRFLOW_CTX_DAG_RUN_ID=manual__2026-02-14T08:58:55.230727+00:00
[2026-02-14T08:59:00.741+0000] {logging_mixin.py:137} INFO - 
==================================================
[2026-02-14T08:59:00.741+0000] {logging_mixin.py:137} INFO - Test R² Score: 0.8878
[2026-02-14T08:59:00.741+0000] {logging_mixin.py:137} INFO - Mean Squared Error: 0.0654
[2026-02-14T08:59:00.741+0000] {logging_mixin.py:137} INFO - ==================================================
[2026-02-14T08:59:00.741+0000] {logging_mixin.py:137} INFO - 
Sample predictions vs actual:
[2026-02-14T08:59:00.741+0000] {logging_mixin.py:137} INFO -   Predicted: 0.00 | Actual: 0
[2026-02-14T08:59:00.741+0000] {logging_mixin.py:137} INFO -   Predicted: 0.00 | Actual: 0
[2026-02-14T08:59:00.741+0000] {logging_mixin.py:137} INFO -   Predicted: 1.32 | Actual: 2
[2026-02-14T08:59:00.741+0000] {logging_mixin.py:137} INFO -   Predicted: 0.03 | Actual: 0
[2026-02-14T08:59:00.741+0000] {logging_mixin.py:137} INFO -   Predicted: 0.99 | Actual: 1
[2026-02-14T08:59:00.741+0000] {logging_mixin.py:137} INFO - ==================================================
[2026-02-14T08:59:00.741+0000] {python.py:177} INFO - Done. Returned value was: 0.8878047619047619
[2026-02-14T08:59:00.761+0000] {taskinstance.py:1323} INFO - Marking task as SUCCESS. dag_id=Wine_Quality_Prediction, task_id=evaluate_model, execution_date=20260214T085855, start_date=20260214T085900, end_date=20260214T085900
[2026-02-14T08:59:00.790+0000] {local_task_job.py:208} INFO - Task exited with return code 0
[2026-02-14T08:59:00.805+0000] {taskinstance.py:2578} INFO - 0 downstream tasks scheduled from follow-on schedule check
