[2026-02-14T08:55:45.217+0000] {manager.py:483} INFO - Processing files using up to 2 processes at a time 
[2026-02-14T08:55:45.219+0000] {manager.py:484} INFO - Process each file at most once every 30 seconds
[2026-02-14T08:55:45.219+0000] {manager.py:486} INFO - Checking for new files in /opt/airflow/dags every 300 seconds
[2026-02-14T08:55:45.219+0000] {manager.py:726} INFO - Searching for files in /opt/airflow/dags
[2026-02-14T08:55:45.220+0000] {manager.py:729} INFO - There are 1 files in /opt/airflow/dags
[2026-02-14T08:55:45.270+0000] {manager.py:854} INFO - 
================================================================================
DAG File Processing Stats

File Path                       PID  Runtime      # DAGs    # Errors  Last Runtime    Last Run
----------------------------  -----  ---------  --------  ----------  --------------  ----------
/opt/airflow/dags/airflow.py     78  0.03s             0           0
================================================================================
[2026-02-14T08:56:15.380+0000] {manager.py:854} INFO - 
================================================================================
DAG File Processing Stats

File Path                     PID    Runtime      # DAGs    # Errors  Last Runtime    Last Run
----------------------------  -----  ---------  --------  ----------  --------------  -------------------
/opt/airflow/dags/airflow.py                           1           0  1.49s           2026-02-14T08:55:46
================================================================================
[2026-02-14T08:56:45.506+0000] {manager.py:854} INFO - 
================================================================================
DAG File Processing Stats

File Path                     PID    Runtime      # DAGs    # Errors  Last Runtime    Last Run
----------------------------  -----  ---------  --------  ----------  --------------  -------------------
/opt/airflow/dags/airflow.py                           1           0  0.57s           2026-02-14T08:56:17
================================================================================
[2026-02-14T08:57:15.623+0000] {manager.py:854} INFO - 
================================================================================
DAG File Processing Stats

File Path                     PID    Runtime      # DAGs    # Errors  Last Runtime    Last Run
----------------------------  -----  ---------  --------  ----------  --------------  -------------------
/opt/airflow/dags/airflow.py                           1           0  0.67s           2026-02-14T08:56:48
================================================================================
[2026-02-14T08:57:45.732+0000] {manager.py:854} INFO - 
================================================================================
DAG File Processing Stats

File Path                     PID    Runtime      # DAGs    # Errors  Last Runtime    Last Run
----------------------------  -----  ---------  --------  ----------  --------------  -------------------
/opt/airflow/dags/airflow.py                           1           0  0.60s           2026-02-14T08:57:18
================================================================================
[2026-02-14T08:58:16.096+0000] {manager.py:854} INFO - 
================================================================================
DAG File Processing Stats

File Path                     PID    Runtime      # DAGs    # Errors  Last Runtime    Last Run
----------------------------  -----  ---------  --------  ----------  --------------  -------------------
/opt/airflow/dags/airflow.py                           1           0  0.62s           2026-02-14T08:57:49
================================================================================
[2026-02-14T08:58:46.208+0000] {manager.py:854} INFO - 
================================================================================
DAG File Processing Stats

File Path                     PID    Runtime      # DAGs    # Errors  Last Runtime    Last Run
----------------------------  -----  ---------  --------  ----------  --------------  -------------------
/opt/airflow/dags/airflow.py                           1           0  0.69s           2026-02-14T08:58:20
================================================================================
[2026-02-14T08:59:16.616+0000] {manager.py:854} INFO - 
================================================================================
DAG File Processing Stats

File Path                     PID    Runtime      # DAGs    # Errors  Last Runtime    Last Run
----------------------------  -----  ---------  --------  ----------  --------------  -------------------
/opt/airflow/dags/airflow.py                           1           0  0.58s           2026-02-14T08:58:51
================================================================================
[2026-02-14T08:59:46.728+0000] {manager.py:854} INFO - 
================================================================================
DAG File Processing Stats

File Path                     PID    Runtime      # DAGs    # Errors  Last Runtime    Last Run
----------------------------  -----  ---------  --------  ----------  --------------  -------------------
/opt/airflow/dags/airflow.py                           1           0  0.59s           2026-02-14T08:59:21
================================================================================
[2026-02-14T09:00:16.978+0000] {manager.py:854} INFO - 
================================================================================
DAG File Processing Stats

File Path                     PID    Runtime      # DAGs    # Errors  Last Runtime    Last Run
----------------------------  -----  ---------  --------  ----------  --------------  -------------------
/opt/airflow/dags/airflow.py                           1           0  0.70s           2026-02-14T08:59:52
================================================================================
[2026-02-14T09:00:45.395+0000] {manager.py:726} INFO - Searching for files in /opt/airflow/dags
[2026-02-14T09:00:45.397+0000] {manager.py:729} INFO - There are 1 files in /opt/airflow/dags
[2026-02-14T09:00:47.089+0000] {manager.py:854} INFO - 
================================================================================
DAG File Processing Stats

File Path                     PID    Runtime      # DAGs    # Errors  Last Runtime    Last Run
----------------------------  -----  ---------  --------  ----------  --------------  -------------------
/opt/airflow/dags/airflow.py                           1           0  0.60s           2026-02-14T09:00:23
================================================================================
[2026-02-14T09:01:17.090+0000] {manager.py:854} INFO - 
================================================================================
DAG File Processing Stats

File Path                     PID    Runtime      # DAGs    # Errors  Last Runtime    Last Run
----------------------------  -----  ---------  --------  ----------  --------------  -------------------
/opt/airflow/dags/airflow.py                           1           0  0.58s           2026-02-14T09:00:54
================================================================================
[2026-02-14T09:01:47.624+0000] {manager.py:854} INFO - 
================================================================================
DAG File Processing Stats

File Path                     PID    Runtime      # DAGs    # Errors  Last Runtime    Last Run
----------------------------  -----  ---------  --------  ----------  --------------  -------------------
/opt/airflow/dags/airflow.py                           1           0  0.58s           2026-02-14T09:01:24
================================================================================
[2026-02-14T09:02:17.878+0000] {manager.py:854} INFO - 
================================================================================
DAG File Processing Stats

File Path                     PID    Runtime      # DAGs    # Errors  Last Runtime    Last Run
----------------------------  -----  ---------  --------  ----------  --------------  -------------------
/opt/airflow/dags/airflow.py                           1           0  0.68s           2026-02-14T09:01:55
================================================================================
[2026-02-14T09:02:47.991+0000] {manager.py:854} INFO - 
================================================================================
DAG File Processing Stats

File Path                     PID    Runtime      # DAGs    # Errors  Last Runtime    Last Run
----------------------------  -----  ---------  --------  ----------  --------------  -------------------
/opt/airflow/dags/airflow.py                           1           0  0.58s           2026-02-14T09:02:26
================================================================================
[2026-02-14T09:03:18.340+0000] {manager.py:854} INFO - 
================================================================================
DAG File Processing Stats

File Path                     PID    Runtime      # DAGs    # Errors  Last Runtime    Last Run
----------------------------  -----  ---------  --------  ----------  --------------  -------------------
/opt/airflow/dags/airflow.py                           1           0  0.61s           2026-02-14T09:02:56
================================================================================
[2026-02-14T09:03:48.458+0000] {manager.py:854} INFO - 
================================================================================
DAG File Processing Stats

File Path                     PID    Runtime      # DAGs    # Errors  Last Runtime    Last Run
----------------------------  -----  ---------  --------  ----------  --------------  -------------------
/opt/airflow/dags/airflow.py                           1           0  0.72s           2026-02-14T09:03:27
================================================================================
[2026-02-14T09:04:18.464+0000] {manager.py:854} INFO - 
================================================================================
DAG File Processing Stats

File Path                     PID    Runtime      # DAGs    # Errors  Last Runtime    Last Run
----------------------------  -----  ---------  --------  ----------  --------------  -------------------
/opt/airflow/dags/airflow.py                           1           0  0.58s           2026-02-14T09:03:58
================================================================================
[2026-02-14T09:04:49.000+0000] {manager.py:854} INFO - 
================================================================================
DAG File Processing Stats

File Path                     PID    Runtime      # DAGs    # Errors  Last Runtime    Last Run
----------------------------  -----  ---------  --------  ----------  --------------  -------------------
/opt/airflow/dags/airflow.py                           1           0  0.64s           2026-02-14T09:04:29
================================================================================
[2026-02-14T09:05:19.303+0000] {manager.py:854} INFO - 
================================================================================
DAG File Processing Stats

File Path                     PID    Runtime      # DAGs    # Errors  Last Runtime    Last Run
----------------------------  -----  ---------  --------  ----------  --------------  -------------------
/opt/airflow/dags/airflow.py                           1           0  0.67s           2026-02-14T09:04:59
================================================================================
[2026-02-14T09:05:45.722+0000] {manager.py:726} INFO - Searching for files in /opt/airflow/dags
[2026-02-14T09:05:45.724+0000] {manager.py:729} INFO - There are 1 files in /opt/airflow/dags
[2026-02-14T09:05:49.410+0000] {manager.py:854} INFO - 
================================================================================
DAG File Processing Stats

File Path                     PID    Runtime      # DAGs    # Errors  Last Runtime    Last Run
----------------------------  -----  ---------  --------  ----------  --------------  -------------------
/opt/airflow/dags/airflow.py                           1           0  0.66s           2026-02-14T09:05:30
================================================================================
[2026-02-14T09:05:59.919+0000] {manager.py:465} INFO - Exiting gracefully upon receiving signal 15
