[2026-02-14T08:55:45.248+0000] {processor.py:153} INFO - Started process (PID=78) to work on /opt/airflow/dags/airflow.py
[2026-02-14T08:55:45.249+0000] {processor.py:743} INFO - Processing file /opt/airflow/dags/airflow.py for tasks to queue
[2026-02-14T08:55:45.249+0000] {logging_mixin.py:137} INFO - [2026-02-14T08:55:45.249+0000] {dagbag.py:538} INFO - Filling up the DagBag from /opt/airflow/dags/airflow.py
[2026-02-14T08:55:46.475+0000] {logging_mixin.py:137} INFO - [2026-02-14T08:55:46.475+0000] {taskmixin.py:205} WARNING - Dependency <Task(PythonOperator): load_data>, preprocess_data already registered for DAG: Wine_Quality_Prediction
[2026-02-14T08:55:46.476+0000] {logging_mixin.py:137} INFO - [2026-02-14T08:55:46.476+0000] {taskmixin.py:205} WARNING - Dependency <Task(PythonOperator): preprocess_data>, load_data already registered for DAG: Wine_Quality_Prediction
[2026-02-14T08:55:46.476+0000] {logging_mixin.py:137} INFO - [2026-02-14T08:55:46.476+0000] {taskmixin.py:205} WARNING - Dependency <Task(PythonOperator): preprocess_data>, train_model already registered for DAG: Wine_Quality_Prediction
[2026-02-14T08:55:46.476+0000] {logging_mixin.py:137} INFO - [2026-02-14T08:55:46.476+0000] {taskmixin.py:205} WARNING - Dependency <Task(PythonOperator): train_model>, preprocess_data already registered for DAG: Wine_Quality_Prediction
[2026-02-14T08:55:46.476+0000] {logging_mixin.py:137} INFO - [2026-02-14T08:55:46.476+0000] {taskmixin.py:205} WARNING - Dependency <Task(PythonOperator): train_model>, evaluate_model already registered for DAG: Wine_Quality_Prediction
[2026-02-14T08:55:46.476+0000] {logging_mixin.py:137} INFO - [2026-02-14T08:55:46.476+0000] {taskmixin.py:205} WARNING - Dependency <Task(PythonOperator): evaluate_model>, train_model already registered for DAG: Wine_Quality_Prediction
[2026-02-14T08:55:46.505+0000] {processor.py:753} INFO - DAG(s) dict_keys(['Wine_Quality_Prediction']) retrieved from /opt/airflow/dags/airflow.py
[2026-02-14T08:55:46.665+0000] {logging_mixin.py:137} INFO - [2026-02-14T08:55:46.665+0000] {manager.py:504} INFO - Created Permission View: can read on DAG:Wine_Quality_Prediction
[2026-02-14T08:55:46.677+0000] {logging_mixin.py:137} INFO - [2026-02-14T08:55:46.676+0000] {manager.py:504} INFO - Created Permission View: can edit on DAG:Wine_Quality_Prediction
[2026-02-14T08:55:46.688+0000] {logging_mixin.py:137} INFO - [2026-02-14T08:55:46.687+0000] {manager.py:504} INFO - Created Permission View: can delete on DAG:Wine_Quality_Prediction
[2026-02-14T08:55:46.688+0000] {logging_mixin.py:137} INFO - [2026-02-14T08:55:46.688+0000] {dag.py:2690} INFO - Sync 1 DAGs
[2026-02-14T08:55:46.697+0000] {logging_mixin.py:137} INFO - [2026-02-14T08:55:46.696+0000] {dag.py:2711} INFO - Creating ORM DAG for Wine_Quality_Prediction
[2026-02-14T08:55:46.704+0000] {logging_mixin.py:137} INFO - [2026-02-14T08:55:46.704+0000] {dag.py:3441} INFO - Setting next_dagrun for Wine_Quality_Prediction to 2026-02-14T00:00:00+00:00, run_after=2026-02-15T00:00:00+00:00
[2026-02-14T08:55:46.715+0000] {processor.py:175} INFO - Processing /opt/airflow/dags/airflow.py took 1.469 seconds
[2026-02-14T08:56:16.850+0000] {processor.py:153} INFO - Started process (PID=153) to work on /opt/airflow/dags/airflow.py
[2026-02-14T08:56:16.853+0000] {processor.py:743} INFO - Processing file /opt/airflow/dags/airflow.py for tasks to queue
[2026-02-14T08:56:16.854+0000] {logging_mixin.py:137} INFO - [2026-02-14T08:56:16.854+0000] {dagbag.py:538} INFO - Filling up the DagBag from /opt/airflow/dags/airflow.py
[2026-02-14T08:56:17.347+0000] {logging_mixin.py:137} INFO - [2026-02-14T08:56:17.346+0000] {taskmixin.py:205} WARNING - Dependency <Task(PythonOperator): load_data>, preprocess_data already registered for DAG: Wine_Quality_Prediction
[2026-02-14T08:56:17.347+0000] {logging_mixin.py:137} INFO - [2026-02-14T08:56:17.347+0000] {taskmixin.py:205} WARNING - Dependency <Task(PythonOperator): preprocess_data>, load_data already registered for DAG: Wine_Quality_Prediction
[2026-02-14T08:56:17.347+0000] {logging_mixin.py:137} INFO - [2026-02-14T08:56:17.347+0000] {taskmixin.py:205} WARNING - Dependency <Task(PythonOperator): preprocess_data>, train_model already registered for DAG: Wine_Quality_Prediction
[2026-02-14T08:56:17.347+0000] {logging_mixin.py:137} INFO - [2026-02-14T08:56:17.347+0000] {taskmixin.py:205} WARNING - Dependency <Task(PythonOperator): train_model>, preprocess_data already registered for DAG: Wine_Quality_Prediction
[2026-02-14T08:56:17.347+0000] {logging_mixin.py:137} INFO - [2026-02-14T08:56:17.347+0000] {taskmixin.py:205} WARNING - Dependency <Task(PythonOperator): train_model>, evaluate_model already registered for DAG: Wine_Quality_Prediction
[2026-02-14T08:56:17.347+0000] {logging_mixin.py:137} INFO - [2026-02-14T08:56:17.347+0000] {taskmixin.py:205} WARNING - Dependency <Task(PythonOperator): evaluate_model>, train_model already registered for DAG: Wine_Quality_Prediction
[2026-02-14T08:56:17.351+0000] {processor.py:753} INFO - DAG(s) dict_keys(['Wine_Quality_Prediction']) retrieved from /opt/airflow/dags/airflow.py
[2026-02-14T08:56:17.366+0000] {logging_mixin.py:137} INFO - [2026-02-14T08:56:17.366+0000] {dag.py:2690} INFO - Sync 1 DAGs
[2026-02-14T08:56:17.382+0000] {logging_mixin.py:137} INFO - [2026-02-14T08:56:17.382+0000] {dag.py:3441} INFO - Setting next_dagrun for Wine_Quality_Prediction to 2026-02-14T00:00:00+00:00, run_after=2026-02-15T00:00:00+00:00
[2026-02-14T08:56:17.396+0000] {processor.py:175} INFO - Processing /opt/airflow/dags/airflow.py took 0.548 seconds
[2026-02-14T08:56:47.527+0000] {processor.py:153} INFO - Started process (PID=203) to work on /opt/airflow/dags/airflow.py
[2026-02-14T08:56:47.542+0000] {processor.py:743} INFO - Processing file /opt/airflow/dags/airflow.py for tasks to queue
[2026-02-14T08:56:47.543+0000] {logging_mixin.py:137} INFO - [2026-02-14T08:56:47.543+0000] {dagbag.py:538} INFO - Filling up the DagBag from /opt/airflow/dags/airflow.py
[2026-02-14T08:56:48.103+0000] {logging_mixin.py:137} INFO - [2026-02-14T08:56:48.103+0000] {taskmixin.py:205} WARNING - Dependency <Task(PythonOperator): load_data>, preprocess_data already registered for DAG: Wine_Quality_Prediction
[2026-02-14T08:56:48.103+0000] {logging_mixin.py:137} INFO - [2026-02-14T08:56:48.103+0000] {taskmixin.py:205} WARNING - Dependency <Task(PythonOperator): preprocess_data>, load_data already registered for DAG: Wine_Quality_Prediction
[2026-02-14T08:56:48.103+0000] {logging_mixin.py:137} INFO - [2026-02-14T08:56:48.103+0000] {taskmixin.py:205} WARNING - Dependency <Task(PythonOperator): preprocess_data>, train_model already registered for DAG: Wine_Quality_Prediction
[2026-02-14T08:56:48.103+0000] {logging_mixin.py:137} INFO - [2026-02-14T08:56:48.103+0000] {taskmixin.py:205} WARNING - Dependency <Task(PythonOperator): train_model>, preprocess_data already registered for DAG: Wine_Quality_Prediction
[2026-02-14T08:56:48.104+0000] {logging_mixin.py:137} INFO - [2026-02-14T08:56:48.104+0000] {taskmixin.py:205} WARNING - Dependency <Task(PythonOperator): train_model>, evaluate_model already registered for DAG: Wine_Quality_Prediction
[2026-02-14T08:56:48.104+0000] {logging_mixin.py:137} INFO - [2026-02-14T08:56:48.104+0000] {taskmixin.py:205} WARNING - Dependency <Task(PythonOperator): evaluate_model>, train_model already registered for DAG: Wine_Quality_Prediction
[2026-02-14T08:56:48.107+0000] {processor.py:753} INFO - DAG(s) dict_keys(['Wine_Quality_Prediction']) retrieved from /opt/airflow/dags/airflow.py
[2026-02-14T08:56:48.122+0000] {logging_mixin.py:137} INFO - [2026-02-14T08:56:48.122+0000] {dag.py:2690} INFO - Sync 1 DAGs
[2026-02-14T08:56:48.138+0000] {logging_mixin.py:137} INFO - [2026-02-14T08:56:48.138+0000] {dag.py:3441} INFO - Setting next_dagrun for Wine_Quality_Prediction to 2026-02-14T00:00:00+00:00, run_after=2026-02-15T00:00:00+00:00
[2026-02-14T08:56:48.165+0000] {processor.py:175} INFO - Processing /opt/airflow/dags/airflow.py took 0.641 seconds
[2026-02-14T08:57:18.308+0000] {processor.py:153} INFO - Started process (PID=277) to work on /opt/airflow/dags/airflow.py
[2026-02-14T08:57:18.319+0000] {processor.py:743} INFO - Processing file /opt/airflow/dags/airflow.py for tasks to queue
[2026-02-14T08:57:18.319+0000] {logging_mixin.py:137} INFO - [2026-02-14T08:57:18.319+0000] {dagbag.py:538} INFO - Filling up the DagBag from /opt/airflow/dags/airflow.py
[2026-02-14T08:57:18.829+0000] {logging_mixin.py:137} INFO - [2026-02-14T08:57:18.829+0000] {taskmixin.py:205} WARNING - Dependency <Task(PythonOperator): load_data>, preprocess_data already registered for DAG: Wine_Quality_Prediction
[2026-02-14T08:57:18.829+0000] {logging_mixin.py:137} INFO - [2026-02-14T08:57:18.829+0000] {taskmixin.py:205} WARNING - Dependency <Task(PythonOperator): preprocess_data>, load_data already registered for DAG: Wine_Quality_Prediction
[2026-02-14T08:57:18.829+0000] {logging_mixin.py:137} INFO - [2026-02-14T08:57:18.829+0000] {taskmixin.py:205} WARNING - Dependency <Task(PythonOperator): preprocess_data>, train_model already registered for DAG: Wine_Quality_Prediction
[2026-02-14T08:57:18.829+0000] {logging_mixin.py:137} INFO - [2026-02-14T08:57:18.829+0000] {taskmixin.py:205} WARNING - Dependency <Task(PythonOperator): train_model>, preprocess_data already registered for DAG: Wine_Quality_Prediction
[2026-02-14T08:57:18.829+0000] {logging_mixin.py:137} INFO - [2026-02-14T08:57:18.829+0000] {taskmixin.py:205} WARNING - Dependency <Task(PythonOperator): train_model>, evaluate_model already registered for DAG: Wine_Quality_Prediction
[2026-02-14T08:57:18.829+0000] {logging_mixin.py:137} INFO - [2026-02-14T08:57:18.829+0000] {taskmixin.py:205} WARNING - Dependency <Task(PythonOperator): evaluate_model>, train_model already registered for DAG: Wine_Quality_Prediction
[2026-02-14T08:57:18.833+0000] {processor.py:753} INFO - DAG(s) dict_keys(['Wine_Quality_Prediction']) retrieved from /opt/airflow/dags/airflow.py
[2026-02-14T08:57:18.848+0000] {logging_mixin.py:137} INFO - [2026-02-14T08:57:18.848+0000] {dag.py:2690} INFO - Sync 1 DAGs
[2026-02-14T08:57:18.865+0000] {logging_mixin.py:137} INFO - [2026-02-14T08:57:18.865+0000] {dag.py:3441} INFO - Setting next_dagrun for Wine_Quality_Prediction to 2026-02-14T00:00:00+00:00, run_after=2026-02-15T00:00:00+00:00
[2026-02-14T08:57:18.884+0000] {processor.py:175} INFO - Processing /opt/airflow/dags/airflow.py took 0.578 seconds
[2026-02-14T08:57:49.011+0000] {processor.py:153} INFO - Started process (PID=336) to work on /opt/airflow/dags/airflow.py
[2026-02-14T08:57:49.014+0000] {processor.py:743} INFO - Processing file /opt/airflow/dags/airflow.py for tasks to queue
[2026-02-14T08:57:49.015+0000] {logging_mixin.py:137} INFO - [2026-02-14T08:57:49.014+0000] {dagbag.py:538} INFO - Filling up the DagBag from /opt/airflow/dags/airflow.py
[2026-02-14T08:57:49.550+0000] {logging_mixin.py:137} INFO - [2026-02-14T08:57:49.550+0000] {taskmixin.py:205} WARNING - Dependency <Task(PythonOperator): load_data>, preprocess_data already registered for DAG: Wine_Quality_Prediction
[2026-02-14T08:57:49.550+0000] {logging_mixin.py:137} INFO - [2026-02-14T08:57:49.550+0000] {taskmixin.py:205} WARNING - Dependency <Task(PythonOperator): preprocess_data>, load_data already registered for DAG: Wine_Quality_Prediction
[2026-02-14T08:57:49.550+0000] {logging_mixin.py:137} INFO - [2026-02-14T08:57:49.550+0000] {taskmixin.py:205} WARNING - Dependency <Task(PythonOperator): preprocess_data>, train_model already registered for DAG: Wine_Quality_Prediction
[2026-02-14T08:57:49.550+0000] {logging_mixin.py:137} INFO - [2026-02-14T08:57:49.550+0000] {taskmixin.py:205} WARNING - Dependency <Task(PythonOperator): train_model>, preprocess_data already registered for DAG: Wine_Quality_Prediction
[2026-02-14T08:57:49.550+0000] {logging_mixin.py:137} INFO - [2026-02-14T08:57:49.550+0000] {taskmixin.py:205} WARNING - Dependency <Task(PythonOperator): train_model>, evaluate_model already registered for DAG: Wine_Quality_Prediction
[2026-02-14T08:57:49.550+0000] {logging_mixin.py:137} INFO - [2026-02-14T08:57:49.550+0000] {taskmixin.py:205} WARNING - Dependency <Task(PythonOperator): evaluate_model>, train_model already registered for DAG: Wine_Quality_Prediction
[2026-02-14T08:57:49.554+0000] {processor.py:753} INFO - DAG(s) dict_keys(['Wine_Quality_Prediction']) retrieved from /opt/airflow/dags/airflow.py
[2026-02-14T08:57:49.571+0000] {logging_mixin.py:137} INFO - [2026-02-14T08:57:49.570+0000] {dag.py:2690} INFO - Sync 1 DAGs
[2026-02-14T08:57:49.586+0000] {logging_mixin.py:137} INFO - [2026-02-14T08:57:49.586+0000] {dag.py:3441} INFO - Setting next_dagrun for Wine_Quality_Prediction to 2026-02-14T00:00:00+00:00, run_after=2026-02-15T00:00:00+00:00
[2026-02-14T08:57:49.601+0000] {processor.py:175} INFO - Processing /opt/airflow/dags/airflow.py took 0.592 seconds
[2026-02-14T08:58:19.742+0000] {processor.py:153} INFO - Started process (PID=401) to work on /opt/airflow/dags/airflow.py
[2026-02-14T08:58:19.743+0000] {processor.py:743} INFO - Processing file /opt/airflow/dags/airflow.py for tasks to queue
[2026-02-14T08:58:19.743+0000] {logging_mixin.py:137} INFO - [2026-02-14T08:58:19.743+0000] {dagbag.py:538} INFO - Filling up the DagBag from /opt/airflow/dags/airflow.py
[2026-02-14T08:58:20.357+0000] {logging_mixin.py:137} INFO - [2026-02-14T08:58:20.357+0000] {taskmixin.py:205} WARNING - Dependency <Task(PythonOperator): load_data>, preprocess_data already registered for DAG: Wine_Quality_Prediction
[2026-02-14T08:58:20.358+0000] {logging_mixin.py:137} INFO - [2026-02-14T08:58:20.357+0000] {taskmixin.py:205} WARNING - Dependency <Task(PythonOperator): preprocess_data>, load_data already registered for DAG: Wine_Quality_Prediction
[2026-02-14T08:58:20.358+0000] {logging_mixin.py:137} INFO - [2026-02-14T08:58:20.358+0000] {taskmixin.py:205} WARNING - Dependency <Task(PythonOperator): preprocess_data>, train_model already registered for DAG: Wine_Quality_Prediction
[2026-02-14T08:58:20.358+0000] {logging_mixin.py:137} INFO - [2026-02-14T08:58:20.358+0000] {taskmixin.py:205} WARNING - Dependency <Task(PythonOperator): train_model>, preprocess_data already registered for DAG: Wine_Quality_Prediction
[2026-02-14T08:58:20.358+0000] {logging_mixin.py:137} INFO - [2026-02-14T08:58:20.358+0000] {taskmixin.py:205} WARNING - Dependency <Task(PythonOperator): train_model>, evaluate_model already registered for DAG: Wine_Quality_Prediction
[2026-02-14T08:58:20.358+0000] {logging_mixin.py:137} INFO - [2026-02-14T08:58:20.358+0000] {taskmixin.py:205} WARNING - Dependency <Task(PythonOperator): evaluate_model>, train_model already registered for DAG: Wine_Quality_Prediction
[2026-02-14T08:58:20.362+0000] {processor.py:753} INFO - DAG(s) dict_keys(['Wine_Quality_Prediction']) retrieved from /opt/airflow/dags/airflow.py
[2026-02-14T08:58:20.377+0000] {logging_mixin.py:137} INFO - [2026-02-14T08:58:20.377+0000] {dag.py:2690} INFO - Sync 1 DAGs
[2026-02-14T08:58:20.392+0000] {logging_mixin.py:137} INFO - [2026-02-14T08:58:20.392+0000] {dag.py:3441} INFO - Setting next_dagrun for Wine_Quality_Prediction to 2026-02-14T00:00:00+00:00, run_after=2026-02-15T00:00:00+00:00
[2026-02-14T08:58:20.405+0000] {processor.py:175} INFO - Processing /opt/airflow/dags/airflow.py took 0.667 seconds
[2026-02-14T08:58:50.533+0000] {processor.py:153} INFO - Started process (PID=475) to work on /opt/airflow/dags/airflow.py
[2026-02-14T08:58:50.536+0000] {processor.py:743} INFO - Processing file /opt/airflow/dags/airflow.py for tasks to queue
[2026-02-14T08:58:50.537+0000] {logging_mixin.py:137} INFO - [2026-02-14T08:58:50.537+0000] {dagbag.py:538} INFO - Filling up the DagBag from /opt/airflow/dags/airflow.py
[2026-02-14T08:58:51.036+0000] {logging_mixin.py:137} INFO - [2026-02-14T08:58:51.036+0000] {taskmixin.py:205} WARNING - Dependency <Task(PythonOperator): load_data>, preprocess_data already registered for DAG: Wine_Quality_Prediction
[2026-02-14T08:58:51.036+0000] {logging_mixin.py:137} INFO - [2026-02-14T08:58:51.036+0000] {taskmixin.py:205} WARNING - Dependency <Task(PythonOperator): preprocess_data>, load_data already registered for DAG: Wine_Quality_Prediction
[2026-02-14T08:58:51.036+0000] {logging_mixin.py:137} INFO - [2026-02-14T08:58:51.036+0000] {taskmixin.py:205} WARNING - Dependency <Task(PythonOperator): preprocess_data>, train_model already registered for DAG: Wine_Quality_Prediction
[2026-02-14T08:58:51.036+0000] {logging_mixin.py:137} INFO - [2026-02-14T08:58:51.036+0000] {taskmixin.py:205} WARNING - Dependency <Task(PythonOperator): train_model>, preprocess_data already registered for DAG: Wine_Quality_Prediction
[2026-02-14T08:58:51.036+0000] {logging_mixin.py:137} INFO - [2026-02-14T08:58:51.036+0000] {taskmixin.py:205} WARNING - Dependency <Task(PythonOperator): train_model>, evaluate_model already registered for DAG: Wine_Quality_Prediction
[2026-02-14T08:58:51.036+0000] {logging_mixin.py:137} INFO - [2026-02-14T08:58:51.036+0000] {taskmixin.py:205} WARNING - Dependency <Task(PythonOperator): evaluate_model>, train_model already registered for DAG: Wine_Quality_Prediction
[2026-02-14T08:58:51.041+0000] {processor.py:753} INFO - DAG(s) dict_keys(['Wine_Quality_Prediction']) retrieved from /opt/airflow/dags/airflow.py
[2026-02-14T08:58:51.056+0000] {logging_mixin.py:137} INFO - [2026-02-14T08:58:51.056+0000] {dag.py:2690} INFO - Sync 1 DAGs
[2026-02-14T08:58:51.071+0000] {logging_mixin.py:137} INFO - [2026-02-14T08:58:51.071+0000] {dag.py:3441} INFO - Setting next_dagrun for Wine_Quality_Prediction to 2026-02-14T00:00:00+00:00, run_after=2026-02-15T00:00:00+00:00
[2026-02-14T08:58:51.085+0000] {processor.py:175} INFO - Processing /opt/airflow/dags/airflow.py took 0.555 seconds
[2026-02-14T08:59:21.215+0000] {processor.py:153} INFO - Started process (PID=525) to work on /opt/airflow/dags/airflow.py
[2026-02-14T08:59:21.218+0000] {processor.py:743} INFO - Processing file /opt/airflow/dags/airflow.py for tasks to queue
[2026-02-14T08:59:21.219+0000] {logging_mixin.py:137} INFO - [2026-02-14T08:59:21.219+0000] {dagbag.py:538} INFO - Filling up the DagBag from /opt/airflow/dags/airflow.py
[2026-02-14T08:59:21.732+0000] {logging_mixin.py:137} INFO - [2026-02-14T08:59:21.732+0000] {taskmixin.py:205} WARNING - Dependency <Task(PythonOperator): load_data>, preprocess_data already registered for DAG: Wine_Quality_Prediction
[2026-02-14T08:59:21.732+0000] {logging_mixin.py:137} INFO - [2026-02-14T08:59:21.732+0000] {taskmixin.py:205} WARNING - Dependency <Task(PythonOperator): preprocess_data>, load_data already registered for DAG: Wine_Quality_Prediction
[2026-02-14T08:59:21.732+0000] {logging_mixin.py:137} INFO - [2026-02-14T08:59:21.732+0000] {taskmixin.py:205} WARNING - Dependency <Task(PythonOperator): preprocess_data>, train_model already registered for DAG: Wine_Quality_Prediction
[2026-02-14T08:59:21.732+0000] {logging_mixin.py:137} INFO - [2026-02-14T08:59:21.732+0000] {taskmixin.py:205} WARNING - Dependency <Task(PythonOperator): train_model>, preprocess_data already registered for DAG: Wine_Quality_Prediction
[2026-02-14T08:59:21.732+0000] {logging_mixin.py:137} INFO - [2026-02-14T08:59:21.732+0000] {taskmixin.py:205} WARNING - Dependency <Task(PythonOperator): train_model>, evaluate_model already registered for DAG: Wine_Quality_Prediction
[2026-02-14T08:59:21.732+0000] {logging_mixin.py:137} INFO - [2026-02-14T08:59:21.732+0000] {taskmixin.py:205} WARNING - Dependency <Task(PythonOperator): evaluate_model>, train_model already registered for DAG: Wine_Quality_Prediction
[2026-02-14T08:59:21.736+0000] {processor.py:753} INFO - DAG(s) dict_keys(['Wine_Quality_Prediction']) retrieved from /opt/airflow/dags/airflow.py
[2026-02-14T08:59:21.750+0000] {logging_mixin.py:137} INFO - [2026-02-14T08:59:21.750+0000] {dag.py:2690} INFO - Sync 1 DAGs
[2026-02-14T08:59:21.765+0000] {logging_mixin.py:137} INFO - [2026-02-14T08:59:21.765+0000] {dag.py:3441} INFO - Setting next_dagrun for Wine_Quality_Prediction to 2026-02-14T00:00:00+00:00, run_after=2026-02-15T00:00:00+00:00
[2026-02-14T08:59:21.779+0000] {processor.py:175} INFO - Processing /opt/airflow/dags/airflow.py took 0.566 seconds
[2026-02-14T08:59:51.906+0000] {processor.py:153} INFO - Started process (PID=600) to work on /opt/airflow/dags/airflow.py
[2026-02-14T08:59:51.909+0000] {processor.py:743} INFO - Processing file /opt/airflow/dags/airflow.py for tasks to queue
[2026-02-14T08:59:51.910+0000] {logging_mixin.py:137} INFO - [2026-02-14T08:59:51.909+0000] {dagbag.py:538} INFO - Filling up the DagBag from /opt/airflow/dags/airflow.py
[2026-02-14T08:59:52.531+0000] {logging_mixin.py:137} INFO - [2026-02-14T08:59:52.531+0000] {taskmixin.py:205} WARNING - Dependency <Task(PythonOperator): load_data>, preprocess_data already registered for DAG: Wine_Quality_Prediction
[2026-02-14T08:59:52.531+0000] {logging_mixin.py:137} INFO - [2026-02-14T08:59:52.531+0000] {taskmixin.py:205} WARNING - Dependency <Task(PythonOperator): preprocess_data>, load_data already registered for DAG: Wine_Quality_Prediction
[2026-02-14T08:59:52.531+0000] {logging_mixin.py:137} INFO - [2026-02-14T08:59:52.531+0000] {taskmixin.py:205} WARNING - Dependency <Task(PythonOperator): preprocess_data>, train_model already registered for DAG: Wine_Quality_Prediction
[2026-02-14T08:59:52.531+0000] {logging_mixin.py:137} INFO - [2026-02-14T08:59:52.531+0000] {taskmixin.py:205} WARNING - Dependency <Task(PythonOperator): train_model>, preprocess_data already registered for DAG: Wine_Quality_Prediction
[2026-02-14T08:59:52.532+0000] {logging_mixin.py:137} INFO - [2026-02-14T08:59:52.532+0000] {taskmixin.py:205} WARNING - Dependency <Task(PythonOperator): train_model>, evaluate_model already registered for DAG: Wine_Quality_Prediction
[2026-02-14T08:59:52.532+0000] {logging_mixin.py:137} INFO - [2026-02-14T08:59:52.532+0000] {taskmixin.py:205} WARNING - Dependency <Task(PythonOperator): evaluate_model>, train_model already registered for DAG: Wine_Quality_Prediction
[2026-02-14T08:59:52.535+0000] {processor.py:753} INFO - DAG(s) dict_keys(['Wine_Quality_Prediction']) retrieved from /opt/airflow/dags/airflow.py
[2026-02-14T08:59:52.552+0000] {logging_mixin.py:137} INFO - [2026-02-14T08:59:52.551+0000] {dag.py:2690} INFO - Sync 1 DAGs
[2026-02-14T08:59:52.568+0000] {logging_mixin.py:137} INFO - [2026-02-14T08:59:52.568+0000] {dag.py:3441} INFO - Setting next_dagrun for Wine_Quality_Prediction to 2026-02-14T00:00:00+00:00, run_after=2026-02-15T00:00:00+00:00
[2026-02-14T08:59:52.580+0000] {processor.py:175} INFO - Processing /opt/airflow/dags/airflow.py took 0.678 seconds
[2026-02-14T09:00:22.726+0000] {processor.py:153} INFO - Started process (PID=674) to work on /opt/airflow/dags/airflow.py
[2026-02-14T09:00:22.729+0000] {processor.py:743} INFO - Processing file /opt/airflow/dags/airflow.py for tasks to queue
[2026-02-14T09:00:22.730+0000] {logging_mixin.py:137} INFO - [2026-02-14T09:00:22.730+0000] {dagbag.py:538} INFO - Filling up the DagBag from /opt/airflow/dags/airflow.py
[2026-02-14T09:00:23.254+0000] {logging_mixin.py:137} INFO - [2026-02-14T09:00:23.254+0000] {taskmixin.py:205} WARNING - Dependency <Task(PythonOperator): load_data>, preprocess_data already registered for DAG: Wine_Quality_Prediction
[2026-02-14T09:00:23.254+0000] {logging_mixin.py:137} INFO - [2026-02-14T09:00:23.254+0000] {taskmixin.py:205} WARNING - Dependency <Task(PythonOperator): preprocess_data>, load_data already registered for DAG: Wine_Quality_Prediction
[2026-02-14T09:00:23.254+0000] {logging_mixin.py:137} INFO - [2026-02-14T09:00:23.254+0000] {taskmixin.py:205} WARNING - Dependency <Task(PythonOperator): preprocess_data>, train_model already registered for DAG: Wine_Quality_Prediction
[2026-02-14T09:00:23.254+0000] {logging_mixin.py:137} INFO - [2026-02-14T09:00:23.254+0000] {taskmixin.py:205} WARNING - Dependency <Task(PythonOperator): train_model>, preprocess_data already registered for DAG: Wine_Quality_Prediction
[2026-02-14T09:00:23.254+0000] {logging_mixin.py:137} INFO - [2026-02-14T09:00:23.254+0000] {taskmixin.py:205} WARNING - Dependency <Task(PythonOperator): train_model>, evaluate_model already registered for DAG: Wine_Quality_Prediction
[2026-02-14T09:00:23.254+0000] {logging_mixin.py:137} INFO - [2026-02-14T09:00:23.254+0000] {taskmixin.py:205} WARNING - Dependency <Task(PythonOperator): evaluate_model>, train_model already registered for DAG: Wine_Quality_Prediction
[2026-02-14T09:00:23.258+0000] {processor.py:753} INFO - DAG(s) dict_keys(['Wine_Quality_Prediction']) retrieved from /opt/airflow/dags/airflow.py
[2026-02-14T09:00:23.274+0000] {logging_mixin.py:137} INFO - [2026-02-14T09:00:23.274+0000] {dag.py:2690} INFO - Sync 1 DAGs
[2026-02-14T09:00:23.289+0000] {logging_mixin.py:137} INFO - [2026-02-14T09:00:23.289+0000] {dag.py:3441} INFO - Setting next_dagrun for Wine_Quality_Prediction to 2026-02-14T00:00:00+00:00, run_after=2026-02-15T00:00:00+00:00
[2026-02-14T09:00:23.300+0000] {processor.py:175} INFO - Processing /opt/airflow/dags/airflow.py took 0.576 seconds
[2026-02-14T09:00:53.434+0000] {processor.py:153} INFO - Started process (PID=724) to work on /opt/airflow/dags/airflow.py
[2026-02-14T09:00:53.438+0000] {processor.py:743} INFO - Processing file /opt/airflow/dags/airflow.py for tasks to queue
[2026-02-14T09:00:53.438+0000] {logging_mixin.py:137} INFO - [2026-02-14T09:00:53.438+0000] {dagbag.py:538} INFO - Filling up the DagBag from /opt/airflow/dags/airflow.py
[2026-02-14T09:00:53.938+0000] {logging_mixin.py:137} INFO - [2026-02-14T09:00:53.938+0000] {taskmixin.py:205} WARNING - Dependency <Task(PythonOperator): load_data>, preprocess_data already registered for DAG: Wine_Quality_Prediction
[2026-02-14T09:00:53.938+0000] {logging_mixin.py:137} INFO - [2026-02-14T09:00:53.938+0000] {taskmixin.py:205} WARNING - Dependency <Task(PythonOperator): preprocess_data>, load_data already registered for DAG: Wine_Quality_Prediction
[2026-02-14T09:00:53.938+0000] {logging_mixin.py:137} INFO - [2026-02-14T09:00:53.938+0000] {taskmixin.py:205} WARNING - Dependency <Task(PythonOperator): preprocess_data>, train_model already registered for DAG: Wine_Quality_Prediction
[2026-02-14T09:00:53.938+0000] {logging_mixin.py:137} INFO - [2026-02-14T09:00:53.938+0000] {taskmixin.py:205} WARNING - Dependency <Task(PythonOperator): train_model>, preprocess_data already registered for DAG: Wine_Quality_Prediction
[2026-02-14T09:00:53.939+0000] {logging_mixin.py:137} INFO - [2026-02-14T09:00:53.938+0000] {taskmixin.py:205} WARNING - Dependency <Task(PythonOperator): train_model>, evaluate_model already registered for DAG: Wine_Quality_Prediction
[2026-02-14T09:00:53.939+0000] {logging_mixin.py:137} INFO - [2026-02-14T09:00:53.939+0000] {taskmixin.py:205} WARNING - Dependency <Task(PythonOperator): evaluate_model>, train_model already registered for DAG: Wine_Quality_Prediction
[2026-02-14T09:00:53.943+0000] {processor.py:753} INFO - DAG(s) dict_keys(['Wine_Quality_Prediction']) retrieved from /opt/airflow/dags/airflow.py
[2026-02-14T09:00:53.957+0000] {logging_mixin.py:137} INFO - [2026-02-14T09:00:53.957+0000] {dag.py:2690} INFO - Sync 1 DAGs
[2026-02-14T09:00:53.976+0000] {logging_mixin.py:137} INFO - [2026-02-14T09:00:53.976+0000] {dag.py:3441} INFO - Setting next_dagrun for Wine_Quality_Prediction to 2026-02-14T00:00:00+00:00, run_after=2026-02-15T00:00:00+00:00
[2026-02-14T09:00:53.992+0000] {processor.py:175} INFO - Processing /opt/airflow/dags/airflow.py took 0.560 seconds
[2026-02-14T09:01:24.125+0000] {processor.py:153} INFO - Started process (PID=798) to work on /opt/airflow/dags/airflow.py
[2026-02-14T09:01:24.128+0000] {processor.py:743} INFO - Processing file /opt/airflow/dags/airflow.py for tasks to queue
[2026-02-14T09:01:24.129+0000] {logging_mixin.py:137} INFO - [2026-02-14T09:01:24.129+0000] {dagbag.py:538} INFO - Filling up the DagBag from /opt/airflow/dags/airflow.py
[2026-02-14T09:01:24.630+0000] {logging_mixin.py:137} INFO - [2026-02-14T09:01:24.630+0000] {taskmixin.py:205} WARNING - Dependency <Task(PythonOperator): load_data>, preprocess_data already registered for DAG: Wine_Quality_Prediction
[2026-02-14T09:01:24.631+0000] {logging_mixin.py:137} INFO - [2026-02-14T09:01:24.631+0000] {taskmixin.py:205} WARNING - Dependency <Task(PythonOperator): preprocess_data>, load_data already registered for DAG: Wine_Quality_Prediction
[2026-02-14T09:01:24.631+0000] {logging_mixin.py:137} INFO - [2026-02-14T09:01:24.631+0000] {taskmixin.py:205} WARNING - Dependency <Task(PythonOperator): preprocess_data>, train_model already registered for DAG: Wine_Quality_Prediction
[2026-02-14T09:01:24.631+0000] {logging_mixin.py:137} INFO - [2026-02-14T09:01:24.631+0000] {taskmixin.py:205} WARNING - Dependency <Task(PythonOperator): train_model>, preprocess_data already registered for DAG: Wine_Quality_Prediction
[2026-02-14T09:01:24.631+0000] {logging_mixin.py:137} INFO - [2026-02-14T09:01:24.631+0000] {taskmixin.py:205} WARNING - Dependency <Task(PythonOperator): train_model>, evaluate_model already registered for DAG: Wine_Quality_Prediction
[2026-02-14T09:01:24.631+0000] {logging_mixin.py:137} INFO - [2026-02-14T09:01:24.631+0000] {taskmixin.py:205} WARNING - Dependency <Task(PythonOperator): evaluate_model>, train_model already registered for DAG: Wine_Quality_Prediction
[2026-02-14T09:01:24.635+0000] {processor.py:753} INFO - DAG(s) dict_keys(['Wine_Quality_Prediction']) retrieved from /opt/airflow/dags/airflow.py
[2026-02-14T09:01:24.650+0000] {logging_mixin.py:137} INFO - [2026-02-14T09:01:24.650+0000] {dag.py:2690} INFO - Sync 1 DAGs
[2026-02-14T09:01:24.665+0000] {logging_mixin.py:137} INFO - [2026-02-14T09:01:24.665+0000] {dag.py:3441} INFO - Setting next_dagrun for Wine_Quality_Prediction to 2026-02-14T00:00:00+00:00, run_after=2026-02-15T00:00:00+00:00
[2026-02-14T09:01:24.678+0000] {processor.py:175} INFO - Processing /opt/airflow/dags/airflow.py took 0.555 seconds
[2026-02-14T09:01:54.806+0000] {processor.py:153} INFO - Started process (PID=848) to work on /opt/airflow/dags/airflow.py
[2026-02-14T09:01:54.810+0000] {processor.py:743} INFO - Processing file /opt/airflow/dags/airflow.py for tasks to queue
[2026-02-14T09:01:54.810+0000] {logging_mixin.py:137} INFO - [2026-02-14T09:01:54.810+0000] {dagbag.py:538} INFO - Filling up the DagBag from /opt/airflow/dags/airflow.py
[2026-02-14T09:01:55.406+0000] {logging_mixin.py:137} INFO - [2026-02-14T09:01:55.406+0000] {taskmixin.py:205} WARNING - Dependency <Task(PythonOperator): load_data>, preprocess_data already registered for DAG: Wine_Quality_Prediction
[2026-02-14T09:01:55.407+0000] {logging_mixin.py:137} INFO - [2026-02-14T09:01:55.407+0000] {taskmixin.py:205} WARNING - Dependency <Task(PythonOperator): preprocess_data>, load_data already registered for DAG: Wine_Quality_Prediction
[2026-02-14T09:01:55.407+0000] {logging_mixin.py:137} INFO - [2026-02-14T09:01:55.407+0000] {taskmixin.py:205} WARNING - Dependency <Task(PythonOperator): preprocess_data>, train_model already registered for DAG: Wine_Quality_Prediction
[2026-02-14T09:01:55.407+0000] {logging_mixin.py:137} INFO - [2026-02-14T09:01:55.407+0000] {taskmixin.py:205} WARNING - Dependency <Task(PythonOperator): train_model>, preprocess_data already registered for DAG: Wine_Quality_Prediction
[2026-02-14T09:01:55.407+0000] {logging_mixin.py:137} INFO - [2026-02-14T09:01:55.407+0000] {taskmixin.py:205} WARNING - Dependency <Task(PythonOperator): train_model>, evaluate_model already registered for DAG: Wine_Quality_Prediction
[2026-02-14T09:01:55.407+0000] {logging_mixin.py:137} INFO - [2026-02-14T09:01:55.407+0000] {taskmixin.py:205} WARNING - Dependency <Task(PythonOperator): evaluate_model>, train_model already registered for DAG: Wine_Quality_Prediction
[2026-02-14T09:01:55.411+0000] {processor.py:753} INFO - DAG(s) dict_keys(['Wine_Quality_Prediction']) retrieved from /opt/airflow/dags/airflow.py
[2026-02-14T09:01:55.427+0000] {logging_mixin.py:137} INFO - [2026-02-14T09:01:55.427+0000] {dag.py:2690} INFO - Sync 1 DAGs
[2026-02-14T09:01:55.441+0000] {logging_mixin.py:137} INFO - [2026-02-14T09:01:55.441+0000] {dag.py:3441} INFO - Setting next_dagrun for Wine_Quality_Prediction to 2026-02-14T00:00:00+00:00, run_after=2026-02-15T00:00:00+00:00
[2026-02-14T09:01:55.455+0000] {processor.py:175} INFO - Processing /opt/airflow/dags/airflow.py took 0.654 seconds
[2026-02-14T09:02:25.591+0000] {processor.py:153} INFO - Started process (PID=922) to work on /opt/airflow/dags/airflow.py
[2026-02-14T09:02:25.594+0000] {processor.py:743} INFO - Processing file /opt/airflow/dags/airflow.py for tasks to queue
[2026-02-14T09:02:25.594+0000] {logging_mixin.py:137} INFO - [2026-02-14T09:02:25.594+0000] {dagbag.py:538} INFO - Filling up the DagBag from /opt/airflow/dags/airflow.py
[2026-02-14T09:02:26.094+0000] {logging_mixin.py:137} INFO - [2026-02-14T09:02:26.094+0000] {taskmixin.py:205} WARNING - Dependency <Task(PythonOperator): load_data>, preprocess_data already registered for DAG: Wine_Quality_Prediction
[2026-02-14T09:02:26.094+0000] {logging_mixin.py:137} INFO - [2026-02-14T09:02:26.094+0000] {taskmixin.py:205} WARNING - Dependency <Task(PythonOperator): preprocess_data>, load_data already registered for DAG: Wine_Quality_Prediction
[2026-02-14T09:02:26.094+0000] {logging_mixin.py:137} INFO - [2026-02-14T09:02:26.094+0000] {taskmixin.py:205} WARNING - Dependency <Task(PythonOperator): preprocess_data>, train_model already registered for DAG: Wine_Quality_Prediction
[2026-02-14T09:02:26.094+0000] {logging_mixin.py:137} INFO - [2026-02-14T09:02:26.094+0000] {taskmixin.py:205} WARNING - Dependency <Task(PythonOperator): train_model>, preprocess_data already registered for DAG: Wine_Quality_Prediction
[2026-02-14T09:02:26.094+0000] {logging_mixin.py:137} INFO - [2026-02-14T09:02:26.094+0000] {taskmixin.py:205} WARNING - Dependency <Task(PythonOperator): train_model>, evaluate_model already registered for DAG: Wine_Quality_Prediction
[2026-02-14T09:02:26.094+0000] {logging_mixin.py:137} INFO - [2026-02-14T09:02:26.094+0000] {taskmixin.py:205} WARNING - Dependency <Task(PythonOperator): evaluate_model>, train_model already registered for DAG: Wine_Quality_Prediction
[2026-02-14T09:02:26.099+0000] {processor.py:753} INFO - DAG(s) dict_keys(['Wine_Quality_Prediction']) retrieved from /opt/airflow/dags/airflow.py
[2026-02-14T09:02:26.114+0000] {logging_mixin.py:137} INFO - [2026-02-14T09:02:26.114+0000] {dag.py:2690} INFO - Sync 1 DAGs
[2026-02-14T09:02:26.130+0000] {logging_mixin.py:137} INFO - [2026-02-14T09:02:26.130+0000] {dag.py:3441} INFO - Setting next_dagrun for Wine_Quality_Prediction to 2026-02-14T00:00:00+00:00, run_after=2026-02-15T00:00:00+00:00
[2026-02-14T09:02:26.142+0000] {processor.py:175} INFO - Processing /opt/airflow/dags/airflow.py took 0.554 seconds
[2026-02-14T09:02:56.267+0000] {processor.py:153} INFO - Started process (PID=996) to work on /opt/airflow/dags/airflow.py
[2026-02-14T09:02:56.270+0000] {processor.py:743} INFO - Processing file /opt/airflow/dags/airflow.py for tasks to queue
[2026-02-14T09:02:56.271+0000] {logging_mixin.py:137} INFO - [2026-02-14T09:02:56.271+0000] {dagbag.py:538} INFO - Filling up the DagBag from /opt/airflow/dags/airflow.py
[2026-02-14T09:02:56.798+0000] {logging_mixin.py:137} INFO - [2026-02-14T09:02:56.798+0000] {taskmixin.py:205} WARNING - Dependency <Task(PythonOperator): load_data>, preprocess_data already registered for DAG: Wine_Quality_Prediction
[2026-02-14T09:02:56.798+0000] {logging_mixin.py:137} INFO - [2026-02-14T09:02:56.798+0000] {taskmixin.py:205} WARNING - Dependency <Task(PythonOperator): preprocess_data>, load_data already registered for DAG: Wine_Quality_Prediction
[2026-02-14T09:02:56.798+0000] {logging_mixin.py:137} INFO - [2026-02-14T09:02:56.798+0000] {taskmixin.py:205} WARNING - Dependency <Task(PythonOperator): preprocess_data>, train_model already registered for DAG: Wine_Quality_Prediction
[2026-02-14T09:02:56.798+0000] {logging_mixin.py:137} INFO - [2026-02-14T09:02:56.798+0000] {taskmixin.py:205} WARNING - Dependency <Task(PythonOperator): train_model>, preprocess_data already registered for DAG: Wine_Quality_Prediction
[2026-02-14T09:02:56.799+0000] {logging_mixin.py:137} INFO - [2026-02-14T09:02:56.798+0000] {taskmixin.py:205} WARNING - Dependency <Task(PythonOperator): train_model>, evaluate_model already registered for DAG: Wine_Quality_Prediction
[2026-02-14T09:02:56.799+0000] {logging_mixin.py:137} INFO - [2026-02-14T09:02:56.799+0000] {taskmixin.py:205} WARNING - Dependency <Task(PythonOperator): evaluate_model>, train_model already registered for DAG: Wine_Quality_Prediction
[2026-02-14T09:02:56.802+0000] {processor.py:753} INFO - DAG(s) dict_keys(['Wine_Quality_Prediction']) retrieved from /opt/airflow/dags/airflow.py
[2026-02-14T09:02:56.819+0000] {logging_mixin.py:137} INFO - [2026-02-14T09:02:56.818+0000] {dag.py:2690} INFO - Sync 1 DAGs
[2026-02-14T09:02:56.835+0000] {logging_mixin.py:137} INFO - [2026-02-14T09:02:56.834+0000] {dag.py:3441} INFO - Setting next_dagrun for Wine_Quality_Prediction to 2026-02-14T00:00:00+00:00, run_after=2026-02-15T00:00:00+00:00
[2026-02-14T09:02:56.850+0000] {processor.py:175} INFO - Processing /opt/airflow/dags/airflow.py took 0.585 seconds
[2026-02-14T09:03:26.990+0000] {processor.py:153} INFO - Started process (PID=1046) to work on /opt/airflow/dags/airflow.py
[2026-02-14T09:03:26.993+0000] {processor.py:743} INFO - Processing file /opt/airflow/dags/airflow.py for tasks to queue
[2026-02-14T09:03:26.994+0000] {logging_mixin.py:137} INFO - [2026-02-14T09:03:26.993+0000] {dagbag.py:538} INFO - Filling up the DagBag from /opt/airflow/dags/airflow.py
[2026-02-14T09:03:27.625+0000] {logging_mixin.py:137} INFO - [2026-02-14T09:03:27.624+0000] {taskmixin.py:205} WARNING - Dependency <Task(PythonOperator): load_data>, preprocess_data already registered for DAG: Wine_Quality_Prediction
[2026-02-14T09:03:27.625+0000] {logging_mixin.py:137} INFO - [2026-02-14T09:03:27.625+0000] {taskmixin.py:205} WARNING - Dependency <Task(PythonOperator): preprocess_data>, load_data already registered for DAG: Wine_Quality_Prediction
[2026-02-14T09:03:27.625+0000] {logging_mixin.py:137} INFO - [2026-02-14T09:03:27.625+0000] {taskmixin.py:205} WARNING - Dependency <Task(PythonOperator): preprocess_data>, train_model already registered for DAG: Wine_Quality_Prediction
[2026-02-14T09:03:27.625+0000] {logging_mixin.py:137} INFO - [2026-02-14T09:03:27.625+0000] {taskmixin.py:205} WARNING - Dependency <Task(PythonOperator): train_model>, preprocess_data already registered for DAG: Wine_Quality_Prediction
[2026-02-14T09:03:27.625+0000] {logging_mixin.py:137} INFO - [2026-02-14T09:03:27.625+0000] {taskmixin.py:205} WARNING - Dependency <Task(PythonOperator): train_model>, evaluate_model already registered for DAG: Wine_Quality_Prediction
[2026-02-14T09:03:27.625+0000] {logging_mixin.py:137} INFO - [2026-02-14T09:03:27.625+0000] {taskmixin.py:205} WARNING - Dependency <Task(PythonOperator): evaluate_model>, train_model already registered for DAG: Wine_Quality_Prediction
[2026-02-14T09:03:27.629+0000] {processor.py:753} INFO - DAG(s) dict_keys(['Wine_Quality_Prediction']) retrieved from /opt/airflow/dags/airflow.py
[2026-02-14T09:03:27.644+0000] {logging_mixin.py:137} INFO - [2026-02-14T09:03:27.643+0000] {dag.py:2690} INFO - Sync 1 DAGs
[2026-02-14T09:03:27.661+0000] {logging_mixin.py:137} INFO - [2026-02-14T09:03:27.661+0000] {dag.py:3441} INFO - Setting next_dagrun for Wine_Quality_Prediction to 2026-02-14T00:00:00+00:00, run_after=2026-02-15T00:00:00+00:00
[2026-02-14T09:03:27.675+0000] {processor.py:175} INFO - Processing /opt/airflow/dags/airflow.py took 0.688 seconds
[2026-02-14T09:03:57.813+0000] {processor.py:153} INFO - Started process (PID=1120) to work on /opt/airflow/dags/airflow.py
[2026-02-14T09:03:57.815+0000] {processor.py:743} INFO - Processing file /opt/airflow/dags/airflow.py for tasks to queue
[2026-02-14T09:03:57.815+0000] {logging_mixin.py:137} INFO - [2026-02-14T09:03:57.815+0000] {dagbag.py:538} INFO - Filling up the DagBag from /opt/airflow/dags/airflow.py
[2026-02-14T09:03:58.318+0000] {logging_mixin.py:137} INFO - [2026-02-14T09:03:58.318+0000] {taskmixin.py:205} WARNING - Dependency <Task(PythonOperator): load_data>, preprocess_data already registered for DAG: Wine_Quality_Prediction
[2026-02-14T09:03:58.318+0000] {logging_mixin.py:137} INFO - [2026-02-14T09:03:58.318+0000] {taskmixin.py:205} WARNING - Dependency <Task(PythonOperator): preprocess_data>, load_data already registered for DAG: Wine_Quality_Prediction
[2026-02-14T09:03:58.318+0000] {logging_mixin.py:137} INFO - [2026-02-14T09:03:58.318+0000] {taskmixin.py:205} WARNING - Dependency <Task(PythonOperator): preprocess_data>, train_model already registered for DAG: Wine_Quality_Prediction
[2026-02-14T09:03:58.318+0000] {logging_mixin.py:137} INFO - [2026-02-14T09:03:58.318+0000] {taskmixin.py:205} WARNING - Dependency <Task(PythonOperator): train_model>, preprocess_data already registered for DAG: Wine_Quality_Prediction
[2026-02-14T09:03:58.318+0000] {logging_mixin.py:137} INFO - [2026-02-14T09:03:58.318+0000] {taskmixin.py:205} WARNING - Dependency <Task(PythonOperator): train_model>, evaluate_model already registered for DAG: Wine_Quality_Prediction
[2026-02-14T09:03:58.318+0000] {logging_mixin.py:137} INFO - [2026-02-14T09:03:58.318+0000] {taskmixin.py:205} WARNING - Dependency <Task(PythonOperator): evaluate_model>, train_model already registered for DAG: Wine_Quality_Prediction
[2026-02-14T09:03:58.322+0000] {processor.py:753} INFO - DAG(s) dict_keys(['Wine_Quality_Prediction']) retrieved from /opt/airflow/dags/airflow.py
[2026-02-14T09:03:58.338+0000] {logging_mixin.py:137} INFO - [2026-02-14T09:03:58.337+0000] {dag.py:2690} INFO - Sync 1 DAGs
[2026-02-14T09:03:58.353+0000] {logging_mixin.py:137} INFO - [2026-02-14T09:03:58.353+0000] {dag.py:3441} INFO - Setting next_dagrun for Wine_Quality_Prediction to 2026-02-14T00:00:00+00:00, run_after=2026-02-15T00:00:00+00:00
[2026-02-14T09:03:58.368+0000] {processor.py:175} INFO - Processing /opt/airflow/dags/airflow.py took 0.557 seconds
[2026-02-14T09:04:28.514+0000] {processor.py:153} INFO - Started process (PID=1170) to work on /opt/airflow/dags/airflow.py
[2026-02-14T09:04:28.517+0000] {processor.py:743} INFO - Processing file /opt/airflow/dags/airflow.py for tasks to queue
[2026-02-14T09:04:28.518+0000] {logging_mixin.py:137} INFO - [2026-02-14T09:04:28.518+0000] {dagbag.py:538} INFO - Filling up the DagBag from /opt/airflow/dags/airflow.py
[2026-02-14T09:04:29.073+0000] {logging_mixin.py:137} INFO - [2026-02-14T09:04:29.073+0000] {taskmixin.py:205} WARNING - Dependency <Task(PythonOperator): load_data>, preprocess_data already registered for DAG: Wine_Quality_Prediction
[2026-02-14T09:04:29.073+0000] {logging_mixin.py:137} INFO - [2026-02-14T09:04:29.073+0000] {taskmixin.py:205} WARNING - Dependency <Task(PythonOperator): preprocess_data>, load_data already registered for DAG: Wine_Quality_Prediction
[2026-02-14T09:04:29.073+0000] {logging_mixin.py:137} INFO - [2026-02-14T09:04:29.073+0000] {taskmixin.py:205} WARNING - Dependency <Task(PythonOperator): preprocess_data>, train_model already registered for DAG: Wine_Quality_Prediction
[2026-02-14T09:04:29.073+0000] {logging_mixin.py:137} INFO - [2026-02-14T09:04:29.073+0000] {taskmixin.py:205} WARNING - Dependency <Task(PythonOperator): train_model>, preprocess_data already registered for DAG: Wine_Quality_Prediction
[2026-02-14T09:04:29.074+0000] {logging_mixin.py:137} INFO - [2026-02-14T09:04:29.074+0000] {taskmixin.py:205} WARNING - Dependency <Task(PythonOperator): train_model>, evaluate_model already registered for DAG: Wine_Quality_Prediction
[2026-02-14T09:04:29.074+0000] {logging_mixin.py:137} INFO - [2026-02-14T09:04:29.074+0000] {taskmixin.py:205} WARNING - Dependency <Task(PythonOperator): evaluate_model>, train_model already registered for DAG: Wine_Quality_Prediction
[2026-02-14T09:04:29.077+0000] {processor.py:753} INFO - DAG(s) dict_keys(['Wine_Quality_Prediction']) retrieved from /opt/airflow/dags/airflow.py
[2026-02-14T09:04:29.093+0000] {logging_mixin.py:137} INFO - [2026-02-14T09:04:29.093+0000] {dag.py:2690} INFO - Sync 1 DAGs
[2026-02-14T09:04:29.108+0000] {logging_mixin.py:137} INFO - [2026-02-14T09:04:29.108+0000] {dag.py:3441} INFO - Setting next_dagrun for Wine_Quality_Prediction to 2026-02-14T00:00:00+00:00, run_after=2026-02-15T00:00:00+00:00
[2026-02-14T09:04:29.123+0000] {processor.py:175} INFO - Processing /opt/airflow/dags/airflow.py took 0.612 seconds
[2026-02-14T09:04:59.248+0000] {processor.py:153} INFO - Started process (PID=1244) to work on /opt/airflow/dags/airflow.py
[2026-02-14T09:04:59.250+0000] {processor.py:743} INFO - Processing file /opt/airflow/dags/airflow.py for tasks to queue
[2026-02-14T09:04:59.250+0000] {logging_mixin.py:137} INFO - [2026-02-14T09:04:59.250+0000] {dagbag.py:538} INFO - Filling up the DagBag from /opt/airflow/dags/airflow.py
[2026-02-14T09:04:59.835+0000] {logging_mixin.py:137} INFO - [2026-02-14T09:04:59.835+0000] {taskmixin.py:205} WARNING - Dependency <Task(PythonOperator): load_data>, preprocess_data already registered for DAG: Wine_Quality_Prediction
[2026-02-14T09:04:59.835+0000] {logging_mixin.py:137} INFO - [2026-02-14T09:04:59.835+0000] {taskmixin.py:205} WARNING - Dependency <Task(PythonOperator): preprocess_data>, load_data already registered for DAG: Wine_Quality_Prediction
[2026-02-14T09:04:59.835+0000] {logging_mixin.py:137} INFO - [2026-02-14T09:04:59.835+0000] {taskmixin.py:205} WARNING - Dependency <Task(PythonOperator): preprocess_data>, train_model already registered for DAG: Wine_Quality_Prediction
[2026-02-14T09:04:59.835+0000] {logging_mixin.py:137} INFO - [2026-02-14T09:04:59.835+0000] {taskmixin.py:205} WARNING - Dependency <Task(PythonOperator): train_model>, preprocess_data already registered for DAG: Wine_Quality_Prediction
[2026-02-14T09:04:59.835+0000] {logging_mixin.py:137} INFO - [2026-02-14T09:04:59.835+0000] {taskmixin.py:205} WARNING - Dependency <Task(PythonOperator): train_model>, evaluate_model already registered for DAG: Wine_Quality_Prediction
[2026-02-14T09:04:59.836+0000] {logging_mixin.py:137} INFO - [2026-02-14T09:04:59.836+0000] {taskmixin.py:205} WARNING - Dependency <Task(PythonOperator): evaluate_model>, train_model already registered for DAG: Wine_Quality_Prediction
[2026-02-14T09:04:59.839+0000] {processor.py:753} INFO - DAG(s) dict_keys(['Wine_Quality_Prediction']) retrieved from /opt/airflow/dags/airflow.py
[2026-02-14T09:04:59.855+0000] {logging_mixin.py:137} INFO - [2026-02-14T09:04:59.855+0000] {dag.py:2690} INFO - Sync 1 DAGs
[2026-02-14T09:04:59.870+0000] {logging_mixin.py:137} INFO - [2026-02-14T09:04:59.869+0000] {dag.py:3441} INFO - Setting next_dagrun for Wine_Quality_Prediction to 2026-02-14T00:00:00+00:00, run_after=2026-02-15T00:00:00+00:00
[2026-02-14T09:04:59.884+0000] {processor.py:175} INFO - Processing /opt/airflow/dags/airflow.py took 0.640 seconds
[2026-02-14T09:05:30.018+0000] {processor.py:153} INFO - Started process (PID=1318) to work on /opt/airflow/dags/airflow.py
[2026-02-14T09:05:30.022+0000] {processor.py:743} INFO - Processing file /opt/airflow/dags/airflow.py for tasks to queue
[2026-02-14T09:05:30.022+0000] {logging_mixin.py:137} INFO - [2026-02-14T09:05:30.022+0000] {dagbag.py:538} INFO - Filling up the DagBag from /opt/airflow/dags/airflow.py
[2026-02-14T09:05:30.599+0000] {logging_mixin.py:137} INFO - [2026-02-14T09:05:30.599+0000] {taskmixin.py:205} WARNING - Dependency <Task(PythonOperator): load_data>, preprocess_data already registered for DAG: Wine_Quality_Prediction
[2026-02-14T09:05:30.599+0000] {logging_mixin.py:137} INFO - [2026-02-14T09:05:30.599+0000] {taskmixin.py:205} WARNING - Dependency <Task(PythonOperator): preprocess_data>, load_data already registered for DAG: Wine_Quality_Prediction
[2026-02-14T09:05:30.600+0000] {logging_mixin.py:137} INFO - [2026-02-14T09:05:30.600+0000] {taskmixin.py:205} WARNING - Dependency <Task(PythonOperator): preprocess_data>, train_model already registered for DAG: Wine_Quality_Prediction
[2026-02-14T09:05:30.600+0000] {logging_mixin.py:137} INFO - [2026-02-14T09:05:30.600+0000] {taskmixin.py:205} WARNING - Dependency <Task(PythonOperator): train_model>, preprocess_data already registered for DAG: Wine_Quality_Prediction
[2026-02-14T09:05:30.600+0000] {logging_mixin.py:137} INFO - [2026-02-14T09:05:30.600+0000] {taskmixin.py:205} WARNING - Dependency <Task(PythonOperator): train_model>, evaluate_model already registered for DAG: Wine_Quality_Prediction
[2026-02-14T09:05:30.600+0000] {logging_mixin.py:137} INFO - [2026-02-14T09:05:30.600+0000] {taskmixin.py:205} WARNING - Dependency <Task(PythonOperator): evaluate_model>, train_model already registered for DAG: Wine_Quality_Prediction
[2026-02-14T09:05:30.605+0000] {processor.py:753} INFO - DAG(s) dict_keys(['Wine_Quality_Prediction']) retrieved from /opt/airflow/dags/airflow.py
[2026-02-14T09:05:30.622+0000] {logging_mixin.py:137} INFO - [2026-02-14T09:05:30.621+0000] {dag.py:2690} INFO - Sync 1 DAGs
[2026-02-14T09:05:30.638+0000] {logging_mixin.py:137} INFO - [2026-02-14T09:05:30.638+0000] {dag.py:3441} INFO - Setting next_dagrun for Wine_Quality_Prediction to 2026-02-14T00:00:00+00:00, run_after=2026-02-15T00:00:00+00:00
[2026-02-14T09:05:30.653+0000] {processor.py:175} INFO - Processing /opt/airflow/dags/airflow.py took 0.637 seconds
